{"/Users/deniskutlovci/Projects/Telekom/badge/src/components/badge.tsx": {"path":"/Users/deniskutlovci/Projects/Telekom/badge/src/components/badge.tsx","statementMap":{"0":{"start":{"line":1,"column":0},"end":{"line":1,"column":57}},"1":{"start":{"line":4,"column":18},"end":{"line":7,"column":2}},"2":{"start":{"line":9,"column":18},"end":{"line":12,"column":null}},"3":{"start":{"line":14,"column":20},"end":{"line":17,"column":null}},"4":{"start":{"line":19,"column":16},"end":{"line":23,"column":null}},"5":{"start":{"line":34,"column":25},"end":{"line":34,"column":null}},"6":{"start":{"line":35,"column":25},"end":{"line":35,"column":83}},"7":{"start":{"line":36,"column":25},"end":{"line":36,"column":46}},"8":{"start":{"line":39,"column":4},"end":{"line":45,"column":7}},"9":{"start":{"line":49,"column":4},"end":{"line":49,"column":24}},"10":{"start":{"line":53,"column":4},"end":{"line":62,"column":6}},"11":{"start":{"line":26,"column":0},"end":{"line":26,"column":null}}},"fnMap":{"0":{"name":"(anonymous_0)","decl":{"start":{"line":26,"column":0},"end":{"line":26,"column":null}},"loc":{"start":{"line":26,"column":0},"end":{"line":64,"column":null}}},"1":{"name":"(anonymous_1)","decl":{"start":{"line":38,"column":2},"end":{"line":38,"column":14}},"loc":{"start":{"line":38,"column":14},"end":{"line":46,"column":3}}},"2":{"name":"(anonymous_2)","decl":{"start":{"line":48,"column":2},"end":{"line":48,"column":17}},"loc":{"start":{"line":48,"column":17},"end":{"line":50,"column":3}}},"3":{"name":"(anonymous_3)","decl":{"start":{"line":52,"column":2},"end":{"line":52,"column":8}},"loc":{"start":{"line":52,"column":8},"end":{"line":63,"column":3}}}},"branchMap":{"0":{"loc":{"start":{"line":41,"column":102},"end":{"line":41,"column":121}},"type":"cond-expr","locations":[{"start":{"line":41,"column":102},"end":{"line":41,"column":121}},{"start":{"line":41,"column":124},"end":{"line":41,"column":134}}]},"1":{"loc":{"start":{"line":41,"column":23},"end":{"line":41,"column":47}},"type":"binary-expr","locations":[{"start":{"line":41,"column":23},"end":{"line":41,"column":47}},{"start":{"line":41,"column":51},"end":{"line":41,"column":73}},{"start":{"line":41,"column":77},"end":{"line":41,"column":99}}]},"2":{"loc":{"start":{"line":43,"column":49},"end":{"line":43,"column":65}},"type":"cond-expr","locations":[{"start":{"line":43,"column":49},"end":{"line":43,"column":65}},{"start":{"line":43,"column":68},"end":{"line":43,"column":86}}]},"3":{"loc":{"start":{"line":44,"column":50},"end":{"line":44,"column":67}},"type":"cond-expr","locations":[{"start":{"line":44,"column":50},"end":{"line":44,"column":67}},{"start":{"line":44,"column":70},"end":{"line":44,"column":89}}]}},"s":{"0":1,"1":1,"2":1,"3":1,"4":1,"5":5,"6":5,"7":5,"8":6,"9":1,"10":4,"11":1},"f":{"0":5,"1":6,"2":1,"3":4},"b":{"0":[5,1],"1":[6,1,1],"2":[4,2],"3":[4,2]}}
}
